WARNING: Skipping mount /var/tmp [tmp]: /var/tmp doesn't exist in container
You are using fMRIPrep-23.1.4, and a newer version of fMRIPrep is available: 23.2.1.
Please check out our documentation about how and when to upgrade:
https://fmriprep.readthedocs.io/en/latest/faq.html#upgrading
240508-13:55:57,237 nipype.workflow IMPORTANT:
	 Running fMRIPrep version 23.1.4

         License NOTICE ##################################################
         fMRIPrep 23.1.4
         Copyright 2023 The NiPreps Developers.
         
         This product includes software developed by
         the NiPreps Community (https://nipreps.org/).
         
         Portions of this software were developed at the Department of
         Psychology at Stanford University, Stanford, CA, US.
         
         This software is also distributed as a Docker container image.
         The bootstrapping file for the image ("Dockerfile") is licensed
         under the MIT License.
         
         This software may be distributed through an add-on package called
         "Docker Wrapper" that is under the BSD 3-clause License.
         #################################################################
240508-13:55:57,243 nipype.workflow WARNING:
	 Previous output generated by version 0+unknown found.
240508-13:55:58,115 nipype.workflow IMPORTANT:
	 Building fMRIPrep's workflow:
           * BIDS dataset path: /oak/stanford/groups/fvlin/ACT/data/bids/T1_baseline/ASU.
           * Participant list: ['1372'].
           * Run identifier: 20240508-135437_2b1e8e17-f335-4fe0-ba3b-696dfc83063a.
           * Output spaces: MNI152NLin2009cAsym:res-native.
           * Pre-run FreeSurfer's SUBJECTS_DIR: /oak/stanford/groups/fvlin/ACT/data/bids/T1_baseline/ASU/derivatives/fmriprep/sourcedata/freesurfer.
240508-13:56:13,80 nipype.workflow INFO:
	 B0 field inhomogeneity map will be estimated with the following 1 estimator(s): [<EstimatorType.PEPOLAR: 2>].
240508-13:56:13,276 nipype.workflow INFO:
	 No single-band-reference found for sub-1372_ses-01_task-rest_bold.nii.gz.
240508-13:56:13,278 nipype.workflow INFO:
	 Found usable B0-map (fieldmap) estimator(s) <auto_00000> to correct </oak/stanford/groups/fvlin/ACT/data/bids/T1_baseline/ASU/sub-1372/ses-01/func/sub-1372_ses-01_task-rest_bold.nii.gz> for susceptibility-derived distortions.
240508-13:56:13,627 nipype.workflow IMPORTANT:
	 BOLD series will be slice-timing corrected to an offset of 3.98s.
240508-13:56:55,942 nipype.workflow INFO:
	 Setting-up fieldmap "auto_00000" (EstimatorType.PEPOLAR) with <sub-1372_ses-01_dir-AP_epi.nii.gz, sub-1372_ses-01_dir-PA_epi.nii.gz>
240508-13:57:03,303 nipype.workflow INFO:
	 fMRIPrep workflow graph with 463 nodes built successfully.
240508-13:57:32,829 nipype.workflow IMPORTANT:
	 fMRIPrep started!
240508-13:57:53,24 nipype.workflow WARNING:
	 Some nodes exceed the total amount of memory available (123.00GB).
240508-13:58:03,458 nipype.workflow INFO:
	 [Node] Setting-up "fmriprep_23_1_wf.single_subject_1372_wf.anat_preproc_wf.brain_extraction_wf.full_wm" in "/scratch/users/ppwang/Work/fmriprep_23_1_wf/single_subject_1372_wf/anat_preproc_wf/brain_extraction_wf/full_wm".
240508-13:58:03,468 nipype.workflow INFO:
	 [Node] Executing "full_wm" <nipype.interfaces.utility.wrappers.Function>
240508-13:58:03,599 nipype.workflow INFO:
	 [Node] Setting-up "fmriprep_23_1_wf.single_subject_1372_wf.func_preproc_ses_01_task_rest_wf.bold_source" in "/scratch/users/ppwang/Work/fmriprep_23_1_wf/single_subject_1372_wf/func_preproc_ses_01_task_rest_wf/bold_source".
240508-13:58:03,602 nipype.workflow INFO:
	 [Node] Setting-up "fmriprep_23_1_wf.single_subject_1372_wf.func_preproc_ses_01_task_rest_wf.func_derivatives_wf.raw_sources" in "/scratch/users/ppwang/Work/fmriprep_23_1_wf/single_subject_1372_wf/func_preproc_ses_01_task_rest_wf/func_derivatives_wf/raw_sources".
240508-13:58:03,607 nipype.workflow INFO:
	 [Node] Executing "bold_source" <nipype.interfaces.utility.base.Select>
240508-13:58:03,611 nipype.workflow INFO:
	 [Node] Executing "raw_sources" <nipype.interfaces.utility.wrappers.Function>
240508-13:58:03,614 nipype.workflow INFO:
	 [Node] Finished "raw_sources", elapsed time 0.000347s.
240508-13:58:03,622 nipype.workflow INFO:
	 [Node] Finished "bold_source", elapsed time 0.00024s.
240508-13:58:03,779 nipype.workflow INFO:
	 [Node] Setting-up "fmriprep_23_1_wf.single_subject_1372_wf.anat_preproc_wf.brain_extraction_wf.lap_tmpl" in "/scratch/users/ppwang/Work/fmriprep_23_1_wf/single_subject_1372_wf/anat_preproc_wf/brain_extraction_wf/lap_tmpl".
240508-13:58:03,788 nipype.workflow INFO:
	 [Node] Executing "lap_tmpl" <nipype.interfaces.ants.utils.ImageMath>
240508-13:58:04,130 nipype.workflow INFO:
	 [Node] Finished "full_wm", elapsed time 0.656739s.
240508-13:58:04,139 nipype.workflow INFO:
	 [Node] Setting-up "fmriprep_23_1_wf.single_subject_1372_wf.fmap_preproc_wf.out_merge_fmap_id" in "/scratch/users/ppwang/Work/fmriprep_23_1_wf/single_subject_1372_wf/fmap_preproc_wf/out_merge_fmap_id".
240508-13:58:04,150 nipype.workflow INFO:
	 [Node] Executing "out_merge_fmap_id" <nipype.interfaces.utility.base.Merge>
240508-13:58:04,151 nipype.workflow INFO:
	 [Node] Finished "out_merge_fmap_id", elapsed time 0.00013s.
240508-13:58:04,158 nipype.workflow INFO:
	 [Node] Setting-up "fmriprep_23_1_wf.single_subject_1372_wf.fmap_preproc_wf.out_merge_method" in "/scratch/users/ppwang/Work/fmriprep_23_1_wf/single_subject_1372_wf/fmap_preproc_wf/out_merge_method".
240508-13:58:04,167 nipype.workflow INFO:
	 [Node] Executing "out_merge_method" <nipype.interfaces.utility.base.Merge>
240508-13:58:04,168 nipype.workflow INFO:
	 [Node] Finished "out_merge_method", elapsed time 0.000116s.
240508-13:58:04,449 nipype.workflow INFO:
	 [Node] Setting-up "fmriprep_23_1_wf.single_subject_1372_wf.anat_preproc_wf.brain_extraction_wf.res_tmpl" in "/scratch/users/ppwang/Work/fmriprep_23_1_wf/single_subject_1372_wf/anat_preproc_wf/brain_extraction_wf/res_tmpl".
240508-13:58:04,458 nipype.workflow INFO:
	 [Node] Executing "res_tmpl" <niworkflows.interfaces.nibabel.RegridToZooms>
240508-13:58:04,506 nipype.workflow INFO:
	 [Node] Setting-up "fmriprep_23_1_wf.single_subject_1372_wf.func_preproc_ses_01_task_rest_wf.initial_boldref_wf.get_dummy" in "/scratch/users/ppwang/Work/fmriprep_23_1_wf/single_subject_1372_wf/func_preproc_ses_01_task_rest_wf/initial_boldref_wf/get_dummy".
240508-13:58:04,515 nipype.workflow INFO:
	 [Node] Executing "get_dummy" <niworkflows.interfaces.bold.NonsteadyStatesDetector>
240508-13:58:04,519 nipype.workflow INFO:
	 [Node] Setting-up "_val_bold0" in "/scratch/users/ppwang/Work/fmriprep_23_1_wf/single_subject_1372_wf/func_preproc_ses_01_task_rest_wf/initial_boldref_wf/val_bold/mapflow/_val_bold0".
240508-13:58:04,526 nipype.workflow INFO:
	 [Node] Executing "_val_bold0" <niworkflows.interfaces.header.ValidateImage>
240508-13:58:04,562 nipype.workflow INFO:
	 [Node] Finished "_val_bold0", elapsed time 0.035353s.
240508-13:58:05,168 nipype.workflow INFO:
	 [Node] Setting-up "fmriprep_23_1_wf.single_subject_1372_wf.func_preproc_ses_01_task_rest_wf.select_bold" in "/scratch/users/ppwang/Work/fmriprep_23_1_wf/single_subject_1372_wf/func_preproc_ses_01_task_rest_wf/select_bold".
240508-13:58:05,437 nipype.workflow INFO:
	 [Node] Executing "select_bold" <nipype.interfaces.utility.base.Select>
240508-13:58:05,438 nipype.workflow INFO:
	 [Node] Finished "select_bold", elapsed time 0.000519s.
240508-13:58:05,538 nipype.workflow INFO:
	 [Node] Setting-up "fmriprep_23_1_wf.single_subject_1372_wf.bidssrc" in "/scratch/users/ppwang/Work/fmriprep_23_1_wf/single_subject_1372_wf/bidssrc".
240508-13:58:05,547 nipype.workflow INFO:
	 [Node] Executing "bidssrc" <niworkflows.interfaces.bids.BIDSDataGrabber>
240508-13:58:05,549 nipype.interface INFO:
	 No "t2w" images found for sub-1372
240508-13:58:05,549 nipype.interface INFO:
	 No "sbref" images found for sub-1372
240508-13:58:05,549 nipype.interface INFO:
	 No "roi" images found for sub-1372
240508-13:58:05,549 nipype.workflow INFO:
	 [Node] Finished "bidssrc", elapsed time 0.000546s.
240508-13:58:05,703 nipype.workflow INFO:
	 [Node] Setting-up "_runwise_avg0" in "/scratch/users/ppwang/Work/fmriprep_23_1_wf/single_subject_1372_wf/fmap_preproc_wf/wf_auto_00000/runwise_avg/mapflow/_runwise_avg0".
240508-13:58:05,714 nipype.workflow INFO:
	 [Node] Executing "_runwise_avg0" <niworkflows.interfaces.images.RobustAverage>
240508-13:58:05,754 nipype.workflow INFO:
	 [Node] Finished "res_tmpl", elapsed time 1.293283s.
240508-13:58:05,788 nipype.workflow INFO:
	 [Node] Finished "_runwise_avg0", elapsed time 0.071795s.
240508-13:58:07,103 nipype.workflow INFO:
	 [Node] Finished "get_dummy", elapsed time 2.586396s.
240508-13:58:07,545 nipype.workflow INFO:
	 [Node] Setting-up "fmriprep_23_1_wf.single_subject_1372_wf.anat_preproc_wf.anat_template_wf.anat_ref_dimensions" in "/scratch/users/ppwang/Work/fmriprep_23_1_wf/single_subject_1372_wf/anat_preproc_wf/anat_template_wf/anat_ref_dimensions".
240508-13:58:07,703 nipype.workflow INFO:
	 [Node] Setting-up "_runwise_avg1" in "/scratch/users/ppwang/Work/fmriprep_23_1_wf/single_subject_1372_wf/fmap_preproc_wf/wf_auto_00000/runwise_avg/mapflow/_runwise_avg1".
240508-13:58:07,712 nipype.workflow INFO:
	 [Node] Executing "_runwise_avg1" <niworkflows.interfaces.images.RobustAverage>
240508-13:58:07,754 nipype.workflow INFO:
	 [Node] Finished "_runwise_avg1", elapsed time 0.0404s.
240508-13:58:08,666 nipype.workflow INFO:
	 [Node] Setting-up "fmriprep_23_1_wf.single_subject_1372_wf.bids_info" in "/scratch/users/ppwang/Work/fmriprep_23_1_wf/single_subject_1372_wf/bids_info".
240508-13:58:08,676 nipype.workflow INFO:
	 [Node] Executing "bids_info" <niworkflows.interfaces.bids.BIDSInfo>
240508-13:58:08,684 nipype.workflow INFO:
	 [Node] Finished "bids_info", elapsed time 0.005768s.
240508-13:58:08,687 nipype.workflow INFO:
	 [Node] Executing "anat_ref_dimensions" <niworkflows.interfaces.images.TemplateDimensions>
240508-13:58:08,768 nipype.workflow INFO:
	 [Node] Finished "anat_ref_dimensions", elapsed time 0.079491s.
240508-13:58:09,183 nipype.workflow INFO:
	 [Node] Setting-up "_runwise_avg0" in "/scratch/users/ppwang/Work/fmriprep_23_1_wf/single_subject_1372_wf/fmap_preproc_wf/wf_auto_00000/runwise_avg/mapflow/_runwise_avg0".
240508-13:58:09,185 nipype.workflow INFO:
	 [Node] Cached "_runwise_avg0" - collecting precomputed outputs
240508-13:58:09,185 nipype.workflow INFO:
	 [Node] "_runwise_avg0" found cached.
240508-13:58:09,186 nipype.workflow INFO:
	 [Node] Setting-up "_runwise_avg1" in "/scratch/users/ppwang/Work/fmriprep_23_1_wf/single_subject_1372_wf/fmap_preproc_wf/wf_auto_00000/runwise_avg/mapflow/_runwise_avg1".
240508-13:58:09,188 nipype.workflow INFO:
	 [Node] Cached "_runwise_avg1" - collecting precomputed outputs
240508-13:58:09,188 nipype.workflow INFO:
	 [Node] "_runwise_avg1" found cached.
240508-13:58:09,318 nipype.workflow INFO:
	 [Node] Setting-up "fmriprep_23_1_wf.single_subject_1372_wf.func_preproc_ses_01_task_rest_wf.initial_boldref_wf.gen_avg" in "/scratch/users/ppwang/Work/fmriprep_23_1_wf/single_subject_1372_wf/func_preproc_ses_01_task_rest_wf/initial_boldref_wf/gen_avg".
240508-13:58:09,332 nipype.workflow INFO:
	 [Node] Executing "gen_avg" <niworkflows.interfaces.images.RobustAverage>
240508-13:58:09,472 nipype.workflow INFO:
	 [Node] Setting-up "fmriprep_23_1_wf.single_subject_1372_wf.anat_preproc_wf.fs_isrunning" in "/scratch/users/ppwang/Work/fmriprep_23_1_wf/single_subject_1372_wf/anat_preproc_wf/fs_isrunning".
240508-13:58:09,484 nipype.workflow INFO:
	 [Node] Executing "fs_isrunning" <nipype.interfaces.utility.wrappers.Function>
240508-13:58:09,485 nipype.workflow INFO:
	 [Node] Finished "fs_isrunning", elapsed time 0.000445s.
240508-13:58:09,627 nipype.workflow INFO:
	 [Node] Setting-up "fmriprep_23_1_wf.single_subject_1372_wf.anat_preproc_wf.anat_derivatives_wf.raw_sources" in "/scratch/users/ppwang/Work/fmriprep_23_1_wf/single_subject_1372_wf/anat_preproc_wf/anat_derivatives_wf/raw_sources".
240508-13:58:09,645 nipype.workflow INFO:
	 [Node] Executing "raw_sources" <nipype.interfaces.utility.wrappers.Function>
240508-13:58:09,647 nipype.workflow INFO:
	 [Node] Finished "raw_sources", elapsed time 0.000405s.
240508-13:58:10,268 nipype.workflow INFO:
	 [Node] Finished "lap_tmpl", elapsed time 6.474068s.
240508-13:58:11,182 nipype.workflow INFO:
	 [Node] Setting-up "fmriprep_23_1_wf.single_subject_1372_wf.anat_preproc_wf.brain_extraction_wf.mrg_tmpl" in "/scratch/users/ppwang/Work/fmriprep_23_1_wf/single_subject_1372_wf/anat_preproc_wf/brain_extraction_wf/mrg_tmpl".
240508-13:58:11,228 nipype.workflow INFO:
	 [Node] Setting-up "fmriprep_23_1_wf.single_subject_1372_wf.fmap_preproc_wf.wf_auto_00000.regrid" in "/scratch/users/ppwang/Work/fmriprep_23_1_wf/single_subject_1372_wf/fmap_preproc_wf/wf_auto_00000/regrid".
240508-13:58:11,236 nipype.workflow INFO:
	 [Node] Setting-up "_denoise0" in "/scratch/users/ppwang/Work/fmriprep_23_1_wf/single_subject_1372_wf/anat_preproc_wf/anat_template_wf/denoise/mapflow/_denoise0".
240508-13:58:11,236 nipype.workflow INFO:
	 [Node] Executing "mrg_tmpl" <nipype.interfaces.utility.base.Merge>
240508-13:58:11,237 nipype.workflow INFO:
	 [Node] Finished "mrg_tmpl", elapsed time 0.000194s.
240508-13:58:11,242 nipype.workflow INFO:
	 [Node] Executing "regrid" <sdcflows.interfaces.utils.UniformGrid>
240508-13:58:11,244 nipype.workflow INFO:
	 [Node] Executing "_denoise0" <nipype.interfaces.ants.segmentation.DenoiseImage>
240508-13:58:11,830 nipype.workflow INFO:
	 [Node] Finished "regrid", elapsed time 0.586718s.
240508-13:58:12,939 nipype.interface INFO:
	 stderr 2024-05-08T13:58:12.939489:++ 3dvolreg: AFNI version=AFNI_23.2.02 (Jul 28 2023) [64-bit]
240508-13:58:12,939 nipype.interface INFO:
	 stderr 2024-05-08T13:58:12.939489:++ Authored by: RW Cox
240508-13:58:12,946 nipype.interface INFO:
	 stderr 2024-05-08T13:58:12.946040:** AFNI converts NIFTI_datatype=4 (INT16) in file /scratch/users/ppwang/Work/fmriprep_23_1_wf/single_subject_1372_wf/func_preproc_ses_01_task_rest_wf/initial_boldref_wf/gen_avg/sub-1372_ses-01_task-rest_bold_sliced.nii.gz to FLOAT32
240508-13:58:12,946 nipype.interface INFO:
	 stderr 2024-05-08T13:58:12.946040:     Warnings of this type will be muted for this session.
240508-13:58:12,946 nipype.interface INFO:
	 stderr 2024-05-08T13:58:12.946040:     Set AFNI_NIFTI_TYPE_WARN to YES to see them all, NO to see none.
240508-13:58:12,948 nipype.interface INFO:
	 stderr 2024-05-08T13:58:12.948344:++ Coarse del was 10, replaced with 8
240508-13:58:14,266 nipype.workflow INFO:
	 [Node] Setting-up "fmriprep_23_1_wf.single_subject_1372_wf.func_preproc_ses_01_task_rest_wf.bold_stc_wf.slice_timing_correction" in "/scratch/users/ppwang/Work/fmriprep_23_1_wf/single_subject_1372_wf/func_preproc_ses_01_task_rest_wf/bold_stc_wf/slice_timing_correction".
240508-13:58:14,280 nipype.workflow INFO:
	 [Node] Executing "slice_timing_correction" <fmriprep.workflows.bold.stc.TShift>
240508-13:58:14,518 nipype.workflow INFO:
	 [Node] Finished "slice_timing_correction", elapsed time 0.236389s.
240508-13:58:14,518 nipype.workflow WARNING:
	 Storing result file without outputs
240508-13:58:14,520 nipype.workflow WARNING:
	 [Node] Error on "fmriprep_23_1_wf.single_subject_1372_wf.func_preproc_ses_01_task_rest_wf.bold_stc_wf.slice_timing_correction" (/scratch/users/ppwang/Work/fmriprep_23_1_wf/single_subject_1372_wf/func_preproc_ses_01_task_rest_wf/bold_stc_wf/slice_timing_correction)
240508-13:58:15,44 nipype.workflow ERROR:
	 Node slice_timing_correction failed to run on host sh03-01n43.int.
240508-13:58:15,49 nipype.workflow ERROR:
	 Saving crash info to /oak/stanford/groups/fvlin/ACT/data/bids/T1_baseline/ASU/derivatives/fmriprep/sub-1372/log/20240508-135437_2b1e8e17-f335-4fe0-ba3b-696dfc83063a/crash-20240508-135815-ppwang-slice_timing_correction-9fa12e0e-f796-40f7-966b-82086c5992ab.txt
Traceback (most recent call last):
  File "/opt/conda/envs/fmriprep/lib/python3.10/site-packages/nipype/pipeline/plugins/multiproc.py", line 67, in run_node
    result["result"] = node.run(updatehash=updatehash)
  File "/opt/conda/envs/fmriprep/lib/python3.10/site-packages/nipype/pipeline/engine/nodes.py", line 527, in run
    result = self._run_interface(execute=True)
  File "/opt/conda/envs/fmriprep/lib/python3.10/site-packages/nipype/pipeline/engine/nodes.py", line 645, in _run_interface
    return self._run_command(execute)
  File "/opt/conda/envs/fmriprep/lib/python3.10/site-packages/nipype/pipeline/engine/nodes.py", line 771, in _run_command
    raise NodeExecutionError(msg)
nipype.pipeline.engine.nodes.NodeExecutionError: Exception raised while executing Node slice_timing_correction.

Cmdline:
	3dTshift -ignore 1 -prefix sub-1372_ses-01_task-rest_bold_tshift.nii.gz -tpattern @slice_timing.1D -TR 1.03s -tzero 3.98 /scratch/users/ppwang/Work/fmriprep_23_1_wf/single_subject_1372_wf/func_preproc_ses_01_task_rest_wf/bold_stc_wf/slice_timing_correction/sub-1372_ses-01_task-rest_bold.nii.gz
Stdout:

Stderr:
	++ 3dTshift: AFNI version=AFNI_23.2.02 (Jul 28 2023) [64-bit]
	[7m** FATAL ERROR:[0m Illegal value 4.03 in tpattern file slice_timing.1D
	** Program compile date = Jul 28 2023
Traceback:
	Traceback (most recent call last):
	  File "/opt/conda/envs/fmriprep/lib/python3.10/site-packages/nipype/interfaces/base/core.py", line 453, in aggregate_outputs
	    setattr(outputs, key, val)
	  File "/opt/conda/envs/fmriprep/lib/python3.10/site-packages/nipype/interfaces/base/traits_extension.py", line 330, in validate
	    value = super(File, self).validate(objekt, name, value, return_pathlike=True)
	  File "/opt/conda/envs/fmriprep/lib/python3.10/site-packages/nipype/interfaces/base/traits_extension.py", line 135, in validate
	    self.error(objekt, name, str(value))
	  File "/opt/conda/envs/fmriprep/lib/python3.10/site-packages/traits/base_trait_handler.py", line 74, in error
	    raise TraitError(
	traits.trait_errors.TraitError: The 'out_file' trait of a TShiftOutputSpec instance must be a pathlike object or string representing an existing file, but a value of '/scratch/users/ppwang/Work/fmriprep_23_1_wf/single_subject_1372_wf/func_preproc_ses_01_task_rest_wf/bold_stc_wf/slice_timing_correction/sub-1372_ses-01_task-rest_bold_tshift.nii.gz' <class 'str'> was specified.

	During handling of the above exception, another exception occurred:

	Traceback (most recent call last):
	  File "/opt/conda/envs/fmriprep/lib/python3.10/site-packages/nipype/interfaces/base/core.py", line 400, in run
	    outputs = self.aggregate_outputs(runtime)
	  File "/opt/conda/envs/fmriprep/lib/python3.10/site-packages/nipype/interfaces/base/core.py", line 460, in aggregate_outputs
	    raise FileNotFoundError(msg)
	FileNotFoundError: No such file or directory '/scratch/users/ppwang/Work/fmriprep_23_1_wf/single_subject_1372_wf/func_preproc_ses_01_task_rest_wf/bold_stc_wf/slice_timing_correction/sub-1372_ses-01_task-rest_bold_tshift.nii.gz' for output 'out_file' of a TShift interface


240508-13:58:15,66 nipype.workflow CRITICAL:
	 fMRIPrep failed: Traceback (most recent call last):
  File "/opt/conda/envs/fmriprep/lib/python3.10/site-packages/nipype/pipeline/plugins/multiproc.py", line 67, in run_node
    result["result"] = node.run(updatehash=updatehash)
  File "/opt/conda/envs/fmriprep/lib/python3.10/site-packages/nipype/pipeline/engine/nodes.py", line 527, in run
    result = self._run_interface(execute=True)
  File "/opt/conda/envs/fmriprep/lib/python3.10/site-packages/nipype/pipeline/engine/nodes.py", line 645, in _run_interface
    return self._run_command(execute)
  File "/opt/conda/envs/fmriprep/lib/python3.10/site-packages/nipype/pipeline/engine/nodes.py", line 771, in _run_command
    raise NodeExecutionError(msg)
nipype.pipeline.engine.nodes.NodeExecutionError: Exception raised while executing Node slice_timing_correction.

Cmdline:
	3dTshift -ignore 1 -prefix sub-1372_ses-01_task-rest_bold_tshift.nii.gz -tpattern @slice_timing.1D -TR 1.03s -tzero 3.98 /scratch/users/ppwang/Work/fmriprep_23_1_wf/single_subject_1372_wf/func_preproc_ses_01_task_rest_wf/bold_stc_wf/slice_timing_correction/sub-1372_ses-01_task-rest_bold.nii.gz
Stdout:

Stderr:
	++ 3dTshift: AFNI version=AFNI_23.2.02 (Jul 28 2023) [64-bit]
	[7m** FATAL ERROR:[0m Illegal value 4.03 in tpattern file slice_timing.1D
	** Program compile date = Jul 28 2023
Traceback:
	Traceback (most recent call last):
	  File "/opt/conda/envs/fmriprep/lib/python3.10/site-packages/nipype/interfaces/base/core.py", line 453, in aggregate_outputs
	    setattr(outputs, key, val)
	  File "/opt/conda/envs/fmriprep/lib/python3.10/site-packages/nipype/interfaces/base/traits_extension.py", line 330, in validate
	    value = super(File, self).validate(objekt, name, value, return_pathlike=True)
	  File "/opt/conda/envs/fmriprep/lib/python3.10/site-packages/nipype/interfaces/base/traits_extension.py", line 135, in validate
	    self.error(objekt, name, str(value))
	  File "/opt/conda/envs/fmriprep/lib/python3.10/site-packages/traits/base_trait_handler.py", line 74, in error
	    raise TraitError(
	traits.trait_errors.TraitError: The 'out_file' trait of a TShiftOutputSpec instance must be a pathlike object or string representing an existing file, but a value of '/scratch/users/ppwang/Work/fmriprep_23_1_wf/single_subject_1372_wf/func_preproc_ses_01_task_rest_wf/bold_stc_wf/slice_timing_correction/sub-1372_ses-01_task-rest_bold_tshift.nii.gz' <class 'str'> was specified.

	During handling of the above exception, another exception occurred:

	Traceback (most recent call last):
	  File "/opt/conda/envs/fmriprep/lib/python3.10/site-packages/nipype/interfaces/base/core.py", line 400, in run
	    outputs = self.aggregate_outputs(runtime)
	  File "/opt/conda/envs/fmriprep/lib/python3.10/site-packages/nipype/interfaces/base/core.py", line 460, in aggregate_outputs
	    raise FileNotFoundError(msg)
	FileNotFoundError: No such file or directory '/scratch/users/ppwang/Work/fmriprep_23_1_wf/single_subject_1372_wf/func_preproc_ses_01_task_rest_wf/bold_stc_wf/slice_timing_correction/sub-1372_ses-01_task-rest_bold_tshift.nii.gz' for output 'out_file' of a TShift interface


240508-13:58:16,240 cli ERROR:
	 Preprocessing did not finish successfully. Errors occurred while processing data from participants: 1372 (1). Check the HTML reports for details.
240508-13:58:49,312 nipype.workflow INFO:
	 [Node] Finished "_denoise0", elapsed time 38.066191s.
240508-13:59:02,501 nipype.interface INFO:
	 stderr 2024-05-08T13:59:02.501017:++ Max displacement in automask = 0.29 (mm) at sub-brick 3
240508-13:59:02,501 nipype.interface INFO:
	 stderr 2024-05-08T13:59:02.501017:++ Max delta displ  in automask = 0.23 (mm) at sub-brick 5
240508-13:59:06,499 nipype.workflow INFO:
	 [Node] Finished "gen_avg", elapsed time 57.166758s.
